  main.cpp
C:\Users\Tân Khoa\Desktop\Game\Game\CommonFunc.h(48,2): warning C4091: 'typedef ': ignored on left of 'Input' when no variable is declared
C:\Users\Tân Khoa\Desktop\Game\Game\CommonFunc.h(60,2): warning C4091: 'typedef ': ignored on left of 'Map' when no variable is declared
  MainObject.cpp
C:\Users\Tân Khoa\Desktop\Game\Game\CommonFunc.h(48,2): warning C4091: 'typedef ': ignored on left of 'Input' when no variable is declared
C:\Users\Tân Khoa\Desktop\Game\Game\CommonFunc.h(60,2): warning C4091: 'typedef ': ignored on left of 'Map' when no variable is declared
C:\Users\Tân Khoa\Desktop\Game\Game\MainObject.cpp(80,19): warning C4244: '=': conversion from 'float' to 'int', possible loss of data
C:\Users\Tân Khoa\Desktop\Game\Game\MainObject.cpp(81,19): warning C4244: '=': conversion from 'float' to 'int', possible loss of data
C:\Users\Tân Khoa\Desktop\Game\Game\MainObject.cpp(141,12): warning C4305: '+=': truncation from 'double' to 'float'
C:\Users\Tân Khoa\Desktop\Game\Game\MainObject.cpp(168,27): warning C4244: '=': conversion from 'float' to 'int', possible loss of data
C:\Users\Tân Khoa\Desktop\Game\Game\MainObject.cpp(169,44): warning C4244: '=': conversion from 'float' to 'int', possible loss of data
C:\Users\Tân Khoa\Desktop\Game\Game\MainObject.cpp(171,16): warning C4244: '=': conversion from 'float' to 'int', possible loss of data
C:\Users\Tân Khoa\Desktop\Game\Game\MainObject.cpp(172,32): warning C4244: '=': conversion from 'float' to 'int', possible loss of data
C:\Users\Tân Khoa\Desktop\Game\Game\MainObject.cpp(180,17): warning C4244: '=': conversion from 'int' to 'float', possible loss of data
C:\Users\Tân Khoa\Desktop\Game\Game\MainObject.cpp(190,24): warning C4244: '=': conversion from 'int' to 'float', possible loss of data
C:\Users\Tân Khoa\Desktop\Game\Game\MainObject.cpp(199,16): warning C4244: '=': conversion from 'float' to 'int', possible loss of data
C:\Users\Tân Khoa\Desktop\Game\Game\MainObject.cpp(200,28): warning C4244: '=': conversion from 'float' to 'int', possible loss of data
C:\Users\Tân Khoa\Desktop\Game\Game\MainObject.cpp(202,25): warning C4244: '=': conversion from 'float' to 'int', possible loss of data
C:\Users\Tân Khoa\Desktop\Game\Game\MainObject.cpp(203,45): warning C4244: '=': conversion from 'float' to 'int', possible loss of data
C:\Users\Tân Khoa\Desktop\Game\Game\MainObject.cpp(212,17): warning C4244: '=': conversion from 'int' to 'float', possible loss of data
C:\Users\Tân Khoa\Desktop\Game\Game\MainObject.cpp(222,23): warning C4244: '=': conversion from 'int' to 'float', possible loss of data
C:\Users\Tân Khoa\Desktop\Game\Game\MainObject.cpp(239,44): warning C4244: '=': conversion from 'int' to 'float', possible loss of data
C:\Users\Tân Khoa\Desktop\Game\Game\MainObject.cpp(246,29): warning C4244: '=': conversion from 'float' to 'int', possible loss of data
C:\Users\Tân Khoa\Desktop\Game\Game\MainObject.cpp(256,29): warning C4244: '=': conversion from 'float' to 'int', possible loss of data
  Generating Code...
  Game.vcxproj -> C:\Users\Tân Khoa\Desktop\Game\Debug\Game.exe
